[ 2017-08-18T16:49:43+08:00 ] ::1 /home/user/user
ERR: 1146:Table 'thinkphp.tp_abc' doesn't exist
 [ SQL语句 ] : SHOW COLUMNS FROM `tp_abc`

[ 2017-08-18T16:50:11+08:00 ] ::1 /home/user/user
ERR: 1146:Table 'thinkphp.tp_user' doesn't exist
 [ SQL语句 ] : SHOW COLUMNS FROM `tp_user`

[ 2017-08-18T16:50:13+08:00 ] ::1 /home/user/user
ERR: 1146:Table 'thinkphp.tp_user' doesn't exist
 [ SQL语句 ] : SHOW COLUMNS FROM `tp_user`

[ 2017-08-18T16:50:13+08:00 ] ::1 /home/user/user
ERR: 1146:Table 'thinkphp.tp_user' doesn't exist
 [ SQL语句 ] : SHOW COLUMNS FROM `tp_user`

[ 2017-08-18T16:50:13+08:00 ] ::1 /home/user/user
ERR: 1146:Table 'thinkphp.tp_user' doesn't exist
 [ SQL语句 ] : SHOW COLUMNS FROM `tp_user`

[ 2017-08-18T16:50:13+08:00 ] ::1 /home/user/user
ERR: 1146:Table 'thinkphp.tp_user' doesn't exist
 [ SQL语句 ] : SHOW COLUMNS FROM `tp_user`

[ 2017-08-18T16:50:14+08:00 ] ::1 /home/user/user
ERR: 1146:Table 'thinkphp.tp_user' doesn't exist
 [ SQL语句 ] : SHOW COLUMNS FROM `tp_user`

[ 2017-08-18T16:50:14+08:00 ] ::1 /home/user/user
ERR: 1146:Table 'thinkphp.tp_user' doesn't exist
 [ SQL语句 ] : SHOW COLUMNS FROM `tp_user`

[ 2017-08-18T16:50:14+08:00 ] ::1 /home/user/user
ERR: 1146:Table 'thinkphp.tp_user' doesn't exist
 [ SQL语句 ] : SHOW COLUMNS FROM `tp_user`

[ 2017-08-18T16:50:14+08:00 ] ::1 /home/user/user
ERR: 1146:Table 'thinkphp.tp_user' doesn't exist
 [ SQL语句 ] : SHOW COLUMNS FROM `tp_user`

[ 2017-08-18T16:50:14+08:00 ] ::1 /home/user/user
ERR: 1146:Table 'thinkphp.tp_user' doesn't exist
 [ SQL语句 ] : SHOW COLUMNS FROM `tp_user`

[ 2017-08-18T16:50:14+08:00 ] ::1 /home/user/user
ERR: 1146:Table 'thinkphp.tp_user' doesn't exist
 [ SQL语句 ] : SHOW COLUMNS FROM `tp_user`

[ 2017-08-18T17:00:52+08:00 ] ::1 /home/user/user
ERR: Think\Model:__contstrcut方法不存在！

[ 2017-08-18T17:01:06+08:00 ] ::1 /home/user/user
ERR: Think\Model:_contstrcut方法不存在！

[ 2017-08-18T17:01:06+08:00 ] ::1 /home/user/user
ERR: Think\Model:_contstrcut方法不存在！

[ 2017-08-18T17:10:30+08:00 ] ::1 /home/user/user
ERR: 1146:Table 'thinkphp.think_admin\_user' doesn't exist
 [ SQL语句 ] : SHOW COLUMNS FROM `think_admin\_user`

[ 2017-08-18T17:10:31+08:00 ] ::1 /home/user/user
ERR: 1146:Table 'thinkphp.think_admin\_user' doesn't exist
 [ SQL语句 ] : SHOW COLUMNS FROM `think_admin\_user`

[ 2017-08-18T17:10:41+08:00 ] ::1 /home/user/user
ERR: 1146:Table 'thinkphp.think_admin\_user' doesn't exist
 [ SQL语句 ] : SHOW COLUMNS FROM `think_admin\_user`

[ 2017-08-18T17:10:42+08:00 ] ::1 /home/user/user
ERR: 1146:Table 'thinkphp.think_admin\_user' doesn't exist
 [ SQL语句 ] : SHOW COLUMNS FROM `think_admin\_user`

