[ 2017-08-22T17:06:16+08:00 ] ::1 /home/user/user
ERR: 1064:You have an error in your SQL syntax; check the manual that corresponds to your MySQL server version for the right syntax to use near '"小新% )' at line 1
 [ SQL语句 ] : SELECT * FROM `think_user` WHERE `id` = 1 AND ( user="小新% ) 

[ 2017-08-22T17:06:16+08:00 ] ::1 /home/user/user
ERR: 1064:You have an error in your SQL syntax; check the manual that corresponds to your MySQL server version for the right syntax to use near '"小新% )' at line 1
 [ SQL语句 ] : SELECT * FROM `think_user` WHERE `id` = 1 AND ( user="小新% ) 

[ 2017-08-22T17:06:17+08:00 ] ::1 /home/user/user
ERR: 1064:You have an error in your SQL syntax; check the manual that corresponds to your MySQL server version for the right syntax to use near '"小新% )' at line 1
 [ SQL语句 ] : SELECT * FROM `think_user` WHERE `id` = 1 AND ( user="小新% ) 

[ 2017-08-22T17:06:17+08:00 ] ::1 /home/user/user
ERR: 1064:You have an error in your SQL syntax; check the manual that corresponds to your MySQL server version for the right syntax to use near '"小新% )' at line 1
 [ SQL语句 ] : SELECT * FROM `think_user` WHERE `id` = 1 AND ( user="小新% ) 

[ 2017-08-22T17:06:23+08:00 ] ::1 /home/user/user
ERR: 1064:You have an error in your SQL syntax; check the manual that corresponds to your MySQL server version for the right syntax to use near '"小新 )' at line 1
 [ SQL语句 ] : SELECT * FROM `think_user` WHERE `id` = 1 AND ( user="小新 ) 

[ 2017-08-22T17:06:24+08:00 ] ::1 /home/user/user
ERR: 1064:You have an error in your SQL syntax; check the manual that corresponds to your MySQL server version for the right syntax to use near '"小新 )' at line 1
 [ SQL语句 ] : SELECT * FROM `think_user` WHERE `id` = 1 AND ( user="小新 ) 

[ 2017-08-22T17:06:24+08:00 ] ::1 /home/user/user
ERR: 1064:You have an error in your SQL syntax; check the manual that corresponds to your MySQL server version for the right syntax to use near '"小新 )' at line 1
 [ SQL语句 ] : SELECT * FROM `think_user` WHERE `id` = 1 AND ( user="小新 ) 

[ 2017-08-22T17:06:31+08:00 ] ::1 /home/user/user
ERR: 1054:Unknown column '小新' in 'where clause'
 [ SQL语句 ] : SELECT * FROM `think_user` WHERE `id` = 1 AND ( user=小新 ) 

[ 2017-08-22T17:06:31+08:00 ] ::1 /home/user/user
ERR: 1054:Unknown column '小新' in 'where clause'
 [ SQL语句 ] : SELECT * FROM `think_user` WHERE `id` = 1 AND ( user=小新 ) 

[ 2017-08-22T17:06:31+08:00 ] ::1 /home/user/user
ERR: 1054:Unknown column '小新' in 'where clause'
 [ SQL语句 ] : SELECT * FROM `think_user` WHERE `id` = 1 AND ( user=小新 ) 

